25-08-20 14:17:10.688 [main] INFO  r.journal.app.JournalApplication - Starting JournalApplication using Java 17.0.12 with PID 22132 (D:\springboot\journal-app\target\classes started by jatin in D:\springboot\journal-app) 
25-08-20 14:17:10.697 [main] INFO  r.journal.app.JournalApplication - The following 1 profile is active: "dev" 
25-08-20 14:17:11.440 [main] INFO  o.s.d.r.c.RepositoryConfigurationDelegate - Multiple Spring Data modules found, entering strict repository configuration mode 
25-08-20 14:17:11.442 [main] INFO  o.s.d.r.c.RepositoryConfigurationDelegate - Bootstrapping Spring Data MongoDB repositories in DEFAULT mode. 
25-08-20 14:17:11.584 [main] INFO  o.s.d.r.c.RepositoryConfigurationDelegate - Finished Spring Data repository scanning in 135 ms. Found 3 MongoDB repository interfaces. 
25-08-20 14:17:11.606 [main] INFO  o.s.d.r.c.RepositoryConfigurationDelegate - Multiple Spring Data modules found, entering strict repository configuration mode 
25-08-20 14:17:11.607 [main] INFO  o.s.d.r.c.RepositoryConfigurationDelegate - Bootstrapping Spring Data Redis repositories in DEFAULT mode. 
25-08-20 14:17:11.617 [main] INFO  o.s.d.r.c.RepositoryConfigurationExtensionSupport - Spring Data Redis - Could not safely identify store assignment for repository candidate interface restjagdishapi.journal.app.repository.ConfigJournalAppRepository; If you want this repository to be a Redis repository, consider annotating your entities with one of these annotations: org.springframework.data.redis.core.RedisHash (preferred), or consider extending one of the following types with your repository: org.springframework.data.keyvalue.repository.KeyValueRepository 
25-08-20 14:17:11.618 [main] INFO  o.s.d.r.c.RepositoryConfigurationExtensionSupport - Spring Data Redis - Could not safely identify store assignment for repository candidate interface restjagdishapi.journal.app.repository.JournalEntryRepository; If you want this repository to be a Redis repository, consider annotating your entities with one of these annotations: org.springframework.data.redis.core.RedisHash (preferred), or consider extending one of the following types with your repository: org.springframework.data.keyvalue.repository.KeyValueRepository 
25-08-20 14:17:11.618 [main] INFO  o.s.d.r.c.RepositoryConfigurationExtensionSupport - Spring Data Redis - Could not safely identify store assignment for repository candidate interface restjagdishapi.journal.app.repository.UserRepository; If you want this repository to be a Redis repository, consider annotating your entities with one of these annotations: org.springframework.data.redis.core.RedisHash (preferred), or consider extending one of the following types with your repository: org.springframework.data.keyvalue.repository.KeyValueRepository 
25-08-20 14:17:11.618 [main] INFO  o.s.d.r.c.RepositoryConfigurationDelegate - Finished Spring Data repository scanning in 5 ms. Found 0 Redis repository interfaces. 
25-08-20 14:17:12.134 [main] INFO  o.s.b.w.e.tomcat.TomcatWebServer - Tomcat initialized with port 8080 (http) 
25-08-20 14:17:12.140 [main] INFO  o.a.coyote.http11.Http11NioProtocol - Initializing ProtocolHandler ["http-nio-8080"] 
25-08-20 14:17:12.142 [main] INFO  o.a.catalina.core.StandardService - Starting service [Tomcat] 
25-08-20 14:17:12.142 [main] INFO  o.a.catalina.core.StandardEngine - Starting Servlet engine: [Apache Tomcat/10.1.19] 
25-08-20 14:17:12.196 [main] INFO  o.a.c.c.C.[.[localhost].[/journal] - Initializing Spring embedded WebApplicationContext 
25-08-20 14:17:12.196 [main] INFO  o.s.b.w.s.c.ServletWebServerApplicationContext - Root WebApplicationContext: initialization completed in 1442 ms 
25-08-20 14:17:12.920 [main] INFO  org.mongodb.driver.client - MongoClient with metadata {"application": {"name": "Cluster0"}, "driver": {"name": "mongo-java-driver|sync|spring-boot", "version": "4.11.1"}, "os": {"type": "Windows", "name": "Windows 11", "architecture": "amd64", "version": "10.0"}, "platform": "Java/Oracle Corporation/17.0.12+8-LTS-286"} created with settings MongoClientSettings{readPreference=primary, writeConcern=WriteConcern{w=majority, wTimeout=null ms, journal=null}, retryWrites=true, retryReads=true, readConcern=ReadConcern{level=null}, credential=MongoCredential{mechanism=null, userName='kajukatli995', source='admin', password=<hidden>, mechanismProperties=<hidden>}, transportSettings=null, streamFactoryFactory=null, commandListeners=[], codecRegistry=ProvidersCodecRegistry{codecProviders=[ValueCodecProvider{}, BsonValueCodecProvider{}, DBRefCodecProvider{}, DBObjectCodecProvider{}, DocumentCodecProvider{}, CollectionCodecProvider{}, IterableCodecProvider{}, MapCodecProvider{}, GeoJsonCodecProvider{}, GridFSFileCodecProvider{}, Jsr310CodecProvider{}, JsonObjectCodecProvider{}, BsonCodecProvider{}, EnumCodecProvider{}, com.mongodb.client.model.mql.ExpressionCodecProvider@2dff7085, com.mongodb.Jep395RecordCodecProvider@2faa55bb, com.mongodb.KotlinCodecProvider@501957bf]}, loggerSettings=LoggerSettings{maxDocumentLength=1000}, clusterSettings={hosts=[127.0.0.1:27017], srvHost=cluster0.fxfxuro.mongodb.net, srvServiceName=mongodb, mode=MULTIPLE, requiredClusterType=REPLICA_SET, requiredReplicaSetName='atlas-5hq9vw-shard-0', serverSelector='null', clusterListeners='[]', serverSelectionTimeout='30000 ms', localThreshold='15 ms'}, socketSettings=SocketSettings{connectTimeoutMS=10000, readTimeoutMS=0, receiveBufferSize=0, proxySettings=ProxySettings{host=null, port=null, username=null, password=null}}, heartbeatSocketSettings=SocketSettings{connectTimeoutMS=10000, readTimeoutMS=10000, receiveBufferSize=0, proxySettings=ProxySettings{host=null, port=null, username=null, password=null}}, connectionPoolSettings=ConnectionPoolSettings{maxSize=100, minSize=0, maxWaitTimeMS=120000, maxConnectionLifeTimeMS=0, maxConnectionIdleTimeMS=0, maintenanceInitialDelayMS=0, maintenanceFrequencyMS=60000, connectionPoolListeners=[], maxConnecting=2}, serverSettings=ServerSettings{heartbeatFrequencyMS=10000, minHeartbeatFrequencyMS=500, serverListeners='[]', serverMonitorListeners='[]'}, sslSettings=SslSettings{enabled=true, invalidHostNameAllowed=false, context=null}, applicationName='Cluster0', compressorList=[], uuidRepresentation=JAVA_LEGACY, serverApi=null, autoEncryptionSettings=null, dnsClient=null, inetAddressResolver=null, contextProvider=null} 
25-08-20 14:17:13.138 [main] INFO  org.mongodb.driver.cluster - No server chosen by WritableServerSelector from cluster description ClusterDescription{type=UNKNOWN, connectionMode=MULTIPLE, serverDescriptions=[]}. Waiting for 30000 ms before timing out 
25-08-20 14:17:14.437 [cluster-ClusterId{value='68a58b9082e8f73842692850', description='Cluster0'}-srv-cluster0.fxfxuro.mongodb.net] INFO  org.mongodb.driver.cluster - Adding discovered server ac-vdzaost-shard-00-01.fxfxuro.mongodb.net:27017 to client view of cluster 
25-08-20 14:17:14.454 [cluster-ClusterId{value='68a58b9082e8f73842692850', description='Cluster0'}-srv-cluster0.fxfxuro.mongodb.net] INFO  org.mongodb.driver.cluster - Adding discovered server ac-vdzaost-shard-00-02.fxfxuro.mongodb.net:27017 to client view of cluster 
25-08-20 14:17:14.455 [cluster-ClusterId{value='68a58b9082e8f73842692850', description='Cluster0'}-srv-cluster0.fxfxuro.mongodb.net] INFO  org.mongodb.driver.cluster - Adding discovered server ac-vdzaost-shard-00-00.fxfxuro.mongodb.net:27017 to client view of cluster 
25-08-20 14:17:18.200 [cluster-ClusterId{value='68a58b9082e8f73842692850', description='Cluster0'}-ac-vdzaost-shard-00-02.fxfxuro.mongodb.net:27017] INFO  org.mongodb.driver.cluster - Monitor thread successfully connected to server with description ServerDescription{address=ac-vdzaost-shard-00-02.fxfxuro.mongodb.net:27017, type=REPLICA_SET_PRIMARY, state=CONNECTED, ok=true, minWireVersion=0, maxWireVersion=25, maxDocumentSize=16777216, logicalSessionTimeoutMinutes=30, roundTripTimeNanos=1264809500, setName='atlas-5hq9vw-shard-0', canonicalAddress=ac-vdzaost-shard-00-02.fxfxuro.mongodb.net:27017, hosts=[ac-vdzaost-shard-00-01.fxfxuro.mongodb.net:27017, ac-vdzaost-shard-00-02.fxfxuro.mongodb.net:27017, ac-vdzaost-shard-00-00.fxfxuro.mongodb.net:27017], passives=[], arbiters=[], primary='ac-vdzaost-shard-00-02.fxfxuro.mongodb.net:27017', tagSet=TagSet{[Tag{name='availabilityZone', value='aps1-az2'}, Tag{name='diskState', value='READY'}, Tag{name='nodeType', value='ELECTABLE'}, Tag{name='provider', value='AWS'}, Tag{name='region', value='AP_SOUTH_1'}, Tag{name='workloadType', value='OPERATIONAL'}]}, electionId=7fffffff000000000000011f, setVersion=328, topologyVersion=TopologyVersion{processId=68a0fdd5df2e92e3ef325d08, counter=7}, lastWriteDate=Wed Aug 20 14:17:19 IST 2025, lastUpdateTimeNanos=64440048738600} 
25-08-20 14:17:18.202 [cluster-ClusterId{value='68a58b9082e8f73842692850', description='Cluster0'}-ac-vdzaost-shard-00-02.fxfxuro.mongodb.net:27017] INFO  org.mongodb.driver.cluster - Discovered replica set primary ac-vdzaost-shard-00-02.fxfxuro.mongodb.net:27017 with max election id 7fffffff000000000000011f and max set version 328 
25-08-20 14:17:18.406 [cluster-ClusterId{value='68a58b9082e8f73842692850', description='Cluster0'}-ac-vdzaost-shard-00-00.fxfxuro.mongodb.net:27017] INFO  org.mongodb.driver.cluster - Monitor thread successfully connected to server with description ServerDescription{address=ac-vdzaost-shard-00-00.fxfxuro.mongodb.net:27017, type=REPLICA_SET_SECONDARY, state=CONNECTED, ok=true, minWireVersion=0, maxWireVersion=25, maxDocumentSize=16777216, logicalSessionTimeoutMinutes=30, roundTripTimeNanos=457589000, setName='atlas-5hq9vw-shard-0', canonicalAddress=ac-vdzaost-shard-00-00.fxfxuro.mongodb.net:27017, hosts=[ac-vdzaost-shard-00-01.fxfxuro.mongodb.net:27017, ac-vdzaost-shard-00-02.fxfxuro.mongodb.net:27017, ac-vdzaost-shard-00-00.fxfxuro.mongodb.net:27017], passives=[], arbiters=[], primary='ac-vdzaost-shard-00-02.fxfxuro.mongodb.net:27017', tagSet=TagSet{[Tag{name='availabilityZone', value='aps1-az1'}, Tag{name='diskState', value='READY'}, Tag{name='nodeType', value='ELECTABLE'}, Tag{name='provider', value='AWS'}, Tag{name='region', value='AP_SOUTH_1'}, Tag{name='workloadType', value='OPERATIONAL'}]}, electionId=null, setVersion=328, topologyVersion=TopologyVersion{processId=68a0fc4dddf1c36ec373628b, counter=10}, lastWriteDate=Wed Aug 20 14:17:20 IST 2025, lastUpdateTimeNanos=64440256991000} 
25-08-20 14:17:20.187 [main] INFO  o.s.s.web.DefaultSecurityFilterChain - Will secure any request with [org.springframework.security.web.session.DisableEncodeUrlFilter@9d2af36, org.springframework.security.web.context.request.async.WebAsyncManagerIntegrationFilter@740ad32e, org.springframework.security.web.context.SecurityContextHolderFilter@9763e61, org.springframework.security.web.header.HeaderWriterFilter@64540344, org.springframework.web.filter.CorsFilter@7f41d979, org.springframework.security.web.authentication.logout.LogoutFilter@56f61d74, restjagdishapi.journal.app.filter.JwtFilter@56835f2f, org.springframework.security.web.savedrequest.RequestCacheAwareFilter@44c27b8b, org.springframework.security.web.servletapi.SecurityContextHolderAwareRequestFilter@b842275, org.springframework.security.web.authentication.AnonymousAuthenticationFilter@71d0b8a4, org.springframework.security.web.session.SessionManagementFilter@417bfebd, org.springframework.security.web.access.ExceptionTranslationFilter@2066e897, org.springframework.security.web.access.intercept.AuthorizationFilter@696298ea] 
25-08-20 14:17:20.475 [main] INFO  o.a.coyote.http11.Http11NioProtocol - Starting ProtocolHandler ["http-nio-8080"] 
25-08-20 14:17:20.500 [main] INFO  o.s.b.w.e.tomcat.TomcatWebServer - Tomcat started on port 8080 (http) with context path '/journal' 
25-08-20 14:17:20.514 [main] INFO  r.journal.app.JournalApplication - Started JournalApplication in 10.169 seconds (process running for 10.627) 
25-08-20 14:17:27.050 [http-nio-8080-exec-4] INFO  o.a.c.c.C.[.[localhost].[/journal] - Initializing Spring DispatcherServlet 'dispatcherServlet' 
25-08-20 14:17:27.050 [http-nio-8080-exec-4] INFO  o.s.web.servlet.DispatcherServlet - Initializing Servlet 'dispatcherServlet' 
25-08-20 14:17:27.051 [http-nio-8080-exec-4] INFO  o.s.web.servlet.DispatcherServlet - Completed initialization in 0 ms 
25-08-20 14:17:27.390 [cluster-ClusterId{value='68a58b9082e8f73842692850', description='Cluster0'}-ac-vdzaost-shard-00-01.fxfxuro.mongodb.net:27017] INFO  org.mongodb.driver.cluster - Exception in monitor thread while connecting to server ac-vdzaost-shard-00-01.fxfxuro.mongodb.net:27017 
com.mongodb.MongoSocketReadTimeoutException: Timeout while receiving message
	at com.mongodb.internal.connection.InternalStreamConnection.translateReadException(InternalStreamConnection.java:728)
	at com.mongodb.internal.connection.InternalStreamConnection.receiveMessageWithAdditionalTimeout(InternalStreamConnection.java:606)
	at com.mongodb.internal.connection.InternalStreamConnection.receiveCommandMessageResponse(InternalStreamConnection.java:451)
	at com.mongodb.internal.connection.InternalStreamConnection.sendAndReceive(InternalStreamConnection.java:372)
	at com.mongodb.internal.connection.CommandHelper.sendAndReceive(CommandHelper.java:102)
	at com.mongodb.internal.connection.CommandHelper.executeCommand(CommandHelper.java:49)
	at com.mongodb.internal.connection.InternalStreamConnectionInitializer.initializeConnectionDescription(InternalStreamConnectionInitializer.java:130)
	at com.mongodb.internal.connection.InternalStreamConnectionInitializer.startHandshake(InternalStreamConnectionInitializer.java:78)
	at com.mongodb.internal.connection.InternalStreamConnection.open(InternalStreamConnection.java:213)
	at com.mongodb.internal.connection.DefaultServerMonitor$ServerMonitorRunnable.lookupServerDescription(DefaultServerMonitor.java:196)
	at com.mongodb.internal.connection.DefaultServerMonitor$ServerMonitorRunnable.run(DefaultServerMonitor.java:156)
	at java.base/java.lang.Thread.run(Thread.java:842)
Caused by: java.net.SocketTimeoutException: Read timed out
	at java.base/sun.nio.ch.NioSocketImpl.timedRead(NioSocketImpl.java:288)
	at java.base/sun.nio.ch.NioSocketImpl.implRead(NioSocketImpl.java:314)
	at java.base/sun.nio.ch.NioSocketImpl.read(NioSocketImpl.java:355)
	at java.base/sun.nio.ch.NioSocketImpl$1.read(NioSocketImpl.java:808)
	at java.base/java.net.Socket$SocketInputStream.read(Socket.java:966)
	at java.base/sun.security.ssl.SSLSocketInputRecord.read(SSLSocketInputRecord.java:484)
	at java.base/sun.security.ssl.SSLSocketInputRecord.readHeader(SSLSocketInputRecord.java:478)
	at java.base/sun.security.ssl.SSLSocketInputRecord.bytesInCompletePacket(SSLSocketInputRecord.java:70)
	at java.base/sun.security.ssl.SSLSocketImpl.readApplicationRecord(SSLSocketImpl.java:1461)
	at java.base/sun.security.ssl.SSLSocketImpl$AppInputStream.read(SSLSocketImpl.java:1065)
	at com.mongodb.internal.connection.SocketStream.read(SocketStream.java:175)
	at com.mongodb.internal.connection.SocketStream.read(SocketStream.java:200)
	at com.mongodb.internal.connection.InternalStreamConnection.receiveResponseBuffers(InternalStreamConnection.java:739)
	at com.mongodb.internal.connection.InternalStreamConnection.receiveMessageWithAdditionalTimeout(InternalStreamConnection.java:603)
	... 10 common frames omitted
25-08-20 14:17:39.828 [cluster-ClusterId{value='68a58b9082e8f73842692850', description='Cluster0'}-ac-vdzaost-shard-00-01.fxfxuro.mongodb.net:27017] INFO  org.mongodb.driver.cluster - Monitor thread successfully connected to server with description ServerDescription{address=ac-vdzaost-shard-00-01.fxfxuro.mongodb.net:27017, type=REPLICA_SET_SECONDARY, state=CONNECTED, ok=true, minWireVersion=0, maxWireVersion=25, maxDocumentSize=16777216, logicalSessionTimeoutMinutes=30, roundTripTimeNanos=705873300, setName='atlas-5hq9vw-shard-0', canonicalAddress=ac-vdzaost-shard-00-01.fxfxuro.mongodb.net:27017, hosts=[ac-vdzaost-shard-00-01.fxfxuro.mongodb.net:27017, ac-vdzaost-shard-00-02.fxfxuro.mongodb.net:27017, ac-vdzaost-shard-00-00.fxfxuro.mongodb.net:27017], passives=[], arbiters=[], primary='ac-vdzaost-shard-00-02.fxfxuro.mongodb.net:27017', tagSet=TagSet{[Tag{name='availabilityZone', value='aps1-az3'}, Tag{name='diskState', value='READY'}, Tag{name='nodeType', value='ELECTABLE'}, Tag{name='provider', value='AWS'}, Tag{name='region', value='AP_SOUTH_1'}, Tag{name='workloadType', value='OPERATIONAL'}]}, electionId=null, setVersion=328, topologyVersion=TopologyVersion{processId=68a0faeb8d369b2849476605, counter=12}, lastWriteDate=Wed Aug 20 14:17:41 IST 2025, lastUpdateTimeNanos=64461679058900} 
