23:38:35.710 [main] INFO  r.journal.app.JournalApplication - Starting JournalApplication using Java 17.0.12 with PID 18324 (D:\springboot\journal-app\target\classes started by jatin in D:\springboot\journal-app)
23:38:35.715 [main] INFO  r.journal.app.JournalApplication - The following 1 profile is active: "dev"
23:38:36.303 [main] INFO  o.s.d.r.c.RepositoryConfigurationDelegate - Bootstrapping Spring Data MongoDB repositories in DEFAULT mode.
23:38:36.356 [main] INFO  o.s.d.r.c.RepositoryConfigurationDelegate - Finished Spring Data repository scanning in 48 ms. Found 2 MongoDB repository interfaces.
23:38:36.855 [main] INFO  o.s.b.w.e.tomcat.TomcatWebServer - Tomcat initialized with port 8080 (http)
23:38:36.865 [main] INFO  o.a.coyote.http11.Http11NioProtocol - Initializing ProtocolHandler ["http-nio-8080"]
23:38:36.869 [main] INFO  o.a.catalina.core.StandardService - Starting service [Tomcat]
23:38:36.869 [main] INFO  o.a.catalina.core.StandardEngine - Starting Servlet engine: [Apache Tomcat/10.1.19]
23:38:36.916 [main] INFO  o.a.c.c.C.[.[localhost].[/journal] - Initializing Spring embedded WebApplicationContext
23:38:36.917 [main] INFO  o.s.b.w.s.c.ServletWebServerApplicationContext - Root WebApplicationContext: initialization completed in 1147 ms
23:38:37.192 [main] INFO  org.mongodb.driver.client - MongoClient with metadata {"application": {"name": "Cluster0"}, "driver": {"name": "mongo-java-driver|sync|spring-boot", "version": "4.11.1"}, "os": {"type": "Windows", "name": "Windows 11", "architecture": "amd64", "version": "10.0"}, "platform": "Java/Oracle Corporation/17.0.12+8-LTS-286"} created with settings MongoClientSettings{readPreference=primary, writeConcern=WriteConcern{w=majority, wTimeout=null ms, journal=null}, retryWrites=true, retryReads=true, readConcern=ReadConcern{level=null}, credential=MongoCredential{mechanism=null, userName='kajukatli995', source='admin', password=<hidden>, mechanismProperties=<hidden>}, transportSettings=null, streamFactoryFactory=null, commandListeners=[], codecRegistry=ProvidersCodecRegistry{codecProviders=[ValueCodecProvider{}, BsonValueCodecProvider{}, DBRefCodecProvider{}, DBObjectCodecProvider{}, DocumentCodecProvider{}, CollectionCodecProvider{}, IterableCodecProvider{}, MapCodecProvider{}, GeoJsonCodecProvider{}, GridFSFileCodecProvider{}, Jsr310CodecProvider{}, JsonObjectCodecProvider{}, BsonCodecProvider{}, EnumCodecProvider{}, com.mongodb.client.model.mql.ExpressionCodecProvider@39941489, com.mongodb.Jep395RecordCodecProvider@6f5d0190, com.mongodb.KotlinCodecProvider@67332b1e]}, loggerSettings=LoggerSettings{maxDocumentLength=1000}, clusterSettings={hosts=[127.0.0.1:27017], srvHost=cluster0.fxfxuro.mongodb.net, srvServiceName=mongodb, mode=MULTIPLE, requiredClusterType=REPLICA_SET, requiredReplicaSetName='atlas-5hq9vw-shard-0', serverSelector='null', clusterListeners='[]', serverSelectionTimeout='30000 ms', localThreshold='15 ms'}, socketSettings=SocketSettings{connectTimeoutMS=10000, readTimeoutMS=0, receiveBufferSize=0, proxySettings=ProxySettings{host=null, port=null, username=null, password=null}}, heartbeatSocketSettings=SocketSettings{connectTimeoutMS=10000, readTimeoutMS=10000, receiveBufferSize=0, proxySettings=ProxySettings{host=null, port=null, username=null, password=null}}, connectionPoolSettings=ConnectionPoolSettings{maxSize=100, minSize=0, maxWaitTimeMS=120000, maxConnectionLifeTimeMS=0, maxConnectionIdleTimeMS=0, maintenanceInitialDelayMS=0, maintenanceFrequencyMS=60000, connectionPoolListeners=[], maxConnecting=2}, serverSettings=ServerSettings{heartbeatFrequencyMS=10000, minHeartbeatFrequencyMS=500, serverListeners='[]', serverMonitorListeners='[]'}, sslSettings=SslSettings{enabled=true, invalidHostNameAllowed=false, context=null}, applicationName='Cluster0', compressorList=[], uuidRepresentation=JAVA_LEGACY, serverApi=null, autoEncryptionSettings=null, dnsClient=null, inetAddressResolver=null, contextProvider=null}
23:38:37.364 [cluster-ClusterId{value='689cd4a516098e1f171057fe', description='Cluster0'}-srv-cluster0.fxfxuro.mongodb.net] INFO  org.mongodb.driver.cluster - Adding discovered server ac-vdzaost-shard-00-01.fxfxuro.mongodb.net:27017 to client view of cluster
23:38:37.388 [cluster-ClusterId{value='689cd4a516098e1f171057fe', description='Cluster0'}-srv-cluster0.fxfxuro.mongodb.net] INFO  org.mongodb.driver.cluster - Adding discovered server ac-vdzaost-shard-00-02.fxfxuro.mongodb.net:27017 to client view of cluster
23:38:37.390 [cluster-ClusterId{value='689cd4a516098e1f171057fe', description='Cluster0'}-srv-cluster0.fxfxuro.mongodb.net] INFO  org.mongodb.driver.cluster - Adding discovered server ac-vdzaost-shard-00-00.fxfxuro.mongodb.net:27017 to client view of cluster
23:38:37.437 [main] INFO  org.mongodb.driver.cluster - No server chosen by WritableServerSelector from cluster description ClusterDescription{type=REPLICA_SET, connectionMode=MULTIPLE, serverDescriptions=[ServerDescription{address=ac-vdzaost-shard-00-00.fxfxuro.mongodb.net:27017, type=UNKNOWN, state=CONNECTING}, ServerDescription{address=ac-vdzaost-shard-00-01.fxfxuro.mongodb.net:27017, type=UNKNOWN, state=CONNECTING}, ServerDescription{address=ac-vdzaost-shard-00-02.fxfxuro.mongodb.net:27017, type=UNKNOWN, state=CONNECTING}]}. Waiting for 30000 ms before timing out
23:38:38.034 [cluster-ClusterId{value='689cd4a516098e1f171057fe', description='Cluster0'}-ac-vdzaost-shard-00-00.fxfxuro.mongodb.net:27017] INFO  org.mongodb.driver.cluster - Monitor thread successfully connected to server with description ServerDescription{address=ac-vdzaost-shard-00-00.fxfxuro.mongodb.net:27017, type=REPLICA_SET_SECONDARY, state=CONNECTED, ok=true, minWireVersion=0, maxWireVersion=25, maxDocumentSize=16777216, logicalSessionTimeoutMinutes=30, roundTripTimeNanos=309079200, setName='atlas-5hq9vw-shard-0', canonicalAddress=ac-vdzaost-shard-00-00.fxfxuro.mongodb.net:27017, hosts=[ac-vdzaost-shard-00-01.fxfxuro.mongodb.net:27017, ac-vdzaost-shard-00-02.fxfxuro.mongodb.net:27017, ac-vdzaost-shard-00-00.fxfxuro.mongodb.net:27017], passives=[], arbiters=[], primary='ac-vdzaost-shard-00-02.fxfxuro.mongodb.net:27017', tagSet=TagSet{[Tag{name='availabilityZone', value='aps1-az1'}, Tag{name='diskState', value='READY'}, Tag{name='nodeType', value='ELECTABLE'}, Tag{name='provider', value='AWS'}, Tag{name='region', value='AP_SOUTH_1'}, Tag{name='workloadType', value='OPERATIONAL'}]}, electionId=null, setVersion=325, topologyVersion=TopologyVersion{processId=689bc5ca019b9c4ca0e54392, counter=4}, lastWriteDate=Wed Aug 13 23:38:37 IST 2025, lastUpdateTimeNanos=41628561925300}
23:38:38.035 [cluster-ClusterId{value='689cd4a516098e1f171057fe', description='Cluster0'}-ac-vdzaost-shard-00-01.fxfxuro.mongodb.net:27017] INFO  org.mongodb.driver.cluster - Monitor thread successfully connected to server with description ServerDescription{address=ac-vdzaost-shard-00-01.fxfxuro.mongodb.net:27017, type=REPLICA_SET_SECONDARY, state=CONNECTED, ok=true, minWireVersion=0, maxWireVersion=25, maxDocumentSize=16777216, logicalSessionTimeoutMinutes=30, roundTripTimeNanos=309121700, setName='atlas-5hq9vw-shard-0', canonicalAddress=ac-vdzaost-shard-00-01.fxfxuro.mongodb.net:27017, hosts=[ac-vdzaost-shard-00-01.fxfxuro.mongodb.net:27017, ac-vdzaost-shard-00-02.fxfxuro.mongodb.net:27017, ac-vdzaost-shard-00-00.fxfxuro.mongodb.net:27017], passives=[], arbiters=[], primary='ac-vdzaost-shard-00-02.fxfxuro.mongodb.net:27017', tagSet=TagSet{[Tag{name='availabilityZone', value='aps1-az3'}, Tag{name='diskState', value='READY'}, Tag{name='nodeType', value='ELECTABLE'}, Tag{name='provider', value='AWS'}, Tag{name='region', value='AP_SOUTH_1'}, Tag{name='workloadType', value='OPERATIONAL'}]}, electionId=null, setVersion=325, topologyVersion=TopologyVersion{processId=689bc7045c066bd4380af42f, counter=3}, lastWriteDate=Wed Aug 13 23:38:37 IST 2025, lastUpdateTimeNanos=41628562006800}
23:38:38.035 [cluster-ClusterId{value='689cd4a516098e1f171057fe', description='Cluster0'}-ac-vdzaost-shard-00-02.fxfxuro.mongodb.net:27017] INFO  org.mongodb.driver.cluster - Monitor thread successfully connected to server with description ServerDescription{address=ac-vdzaost-shard-00-02.fxfxuro.mongodb.net:27017, type=REPLICA_SET_PRIMARY, state=CONNECTED, ok=true, minWireVersion=0, maxWireVersion=25, maxDocumentSize=16777216, logicalSessionTimeoutMinutes=30, roundTripTimeNanos=309193600, setName='atlas-5hq9vw-shard-0', canonicalAddress=ac-vdzaost-shard-00-02.fxfxuro.mongodb.net:27017, hosts=[ac-vdzaost-shard-00-01.fxfxuro.mongodb.net:27017, ac-vdzaost-shard-00-02.fxfxuro.mongodb.net:27017, ac-vdzaost-shard-00-00.fxfxuro.mongodb.net:27017], passives=[], arbiters=[], primary='ac-vdzaost-shard-00-02.fxfxuro.mongodb.net:27017', tagSet=TagSet{[Tag{name='availabilityZone', value='aps1-az2'}, Tag{name='diskState', value='READY'}, Tag{name='nodeType', value='ELECTABLE'}, Tag{name='provider', value='AWS'}, Tag{name='region', value='AP_SOUTH_1'}, Tag{name='workloadType', value='OPERATIONAL'}]}, electionId=7fffffff000000000000011a, setVersion=325, topologyVersion=TopologyVersion{processId=689bc4e19375bda1fe30557e, counter=6}, lastWriteDate=Wed Aug 13 23:38:37 IST 2025, lastUpdateTimeNanos=41628561983100}
23:38:38.038 [cluster-ClusterId{value='689cd4a516098e1f171057fe', description='Cluster0'}-ac-vdzaost-shard-00-02.fxfxuro.mongodb.net:27017] INFO  org.mongodb.driver.cluster - Discovered replica set primary ac-vdzaost-shard-00-02.fxfxuro.mongodb.net:27017 with max election id 7fffffff000000000000011a and max set version 325
23:38:38.957 [main] INFO  o.s.s.web.DefaultSecurityFilterChain - Will secure any request with [org.springframework.security.web.session.DisableEncodeUrlFilter@23f5008a, org.springframework.security.web.context.request.async.WebAsyncManagerIntegrationFilter@44abdb1f, org.springframework.security.web.context.SecurityContextHolderFilter@3973b6d4, org.springframework.security.web.header.HeaderWriterFilter@726a8729, org.springframework.web.filter.CorsFilter@62108cd3, org.springframework.security.web.authentication.logout.LogoutFilter@138a85d3, org.springframework.security.web.authentication.www.BasicAuthenticationFilter@fcd0e8d, org.springframework.security.web.savedrequest.RequestCacheAwareFilter@9205c0a, org.springframework.security.web.servletapi.SecurityContextHolderAwareRequestFilter@bfe47a8, org.springframework.security.web.authentication.AnonymousAuthenticationFilter@7cd1ec54, org.springframework.security.web.session.SessionManagementFilter@ec5f944, org.springframework.security.web.access.ExceptionTranslationFilter@5817f1ca, org.springframework.security.web.access.intercept.AuthorizationFilter@45796b2a]
23:38:39.127 [main] INFO  o.a.coyote.http11.Http11NioProtocol - Starting ProtocolHandler ["http-nio-8080"]
23:38:39.146 [main] INFO  o.s.b.w.e.tomcat.TomcatWebServer - Tomcat started on port 8080 (http) with context path '/journal'
23:38:39.153 [main] INFO  r.journal.app.JournalApplication - Started JournalApplication in 3.788 seconds (process running for 4.188)
23:52:14.867 [cluster-ClusterId{value='689cd4a516098e1f171057fe', description='Cluster0'}-ac-vdzaost-shard-00-02.fxfxuro.mongodb.net:27017] INFO  org.mongodb.driver.cluster - Exception in monitor thread while connecting to server ac-vdzaost-shard-00-02.fxfxuro.mongodb.net:27017
com.mongodb.MongoSocketReadException: Exception receiving message
	at com.mongodb.internal.connection.InternalStreamConnection.translateReadException(InternalStreamConnection.java:730)
	at com.mongodb.internal.connection.InternalStreamConnection.receiveMessageWithAdditionalTimeout(InternalStreamConnection.java:606)
	at com.mongodb.internal.connection.InternalStreamConnection.receiveCommandMessageResponse(InternalStreamConnection.java:451)
	at com.mongodb.internal.connection.InternalStreamConnection.receive(InternalStreamConnection.java:404)
	at com.mongodb.internal.connection.DefaultServerMonitor$ServerMonitorRunnable.lookupServerDescription(DefaultServerMonitor.java:224)
	at com.mongodb.internal.connection.DefaultServerMonitor$ServerMonitorRunnable.run(DefaultServerMonitor.java:156)
	at java.base/java.lang.Thread.run(Thread.java:842)
Caused by: java.net.SocketException: Connection reset
	at java.base/sun.nio.ch.NioSocketImpl.implRead(NioSocketImpl.java:328)
	at java.base/sun.nio.ch.NioSocketImpl.read(NioSocketImpl.java:355)
	at java.base/sun.nio.ch.NioSocketImpl$1.read(NioSocketImpl.java:808)
	at java.base/java.net.Socket$SocketInputStream.read(Socket.java:966)
	at java.base/sun.security.ssl.SSLSocketInputRecord.read(SSLSocketInputRecord.java:484)
	at java.base/sun.security.ssl.SSLSocketInputRecord.readHeader(SSLSocketInputRecord.java:478)
	at java.base/sun.security.ssl.SSLSocketInputRecord.bytesInCompletePacket(SSLSocketInputRecord.java:70)
	at java.base/sun.security.ssl.SSLSocketImpl.readApplicationRecord(SSLSocketImpl.java:1461)
	at java.base/sun.security.ssl.SSLSocketImpl$AppInputStream.read(SSLSocketImpl.java:1065)
	at com.mongodb.internal.connection.SocketStream.read(SocketStream.java:175)
	at com.mongodb.internal.connection.SocketStream.read(SocketStream.java:200)
	at com.mongodb.internal.connection.InternalStreamConnection.receiveResponseBuffers(InternalStreamConnection.java:739)
	at com.mongodb.internal.connection.InternalStreamConnection.receiveMessageWithAdditionalTimeout(InternalStreamConnection.java:603)
	... 5 common frames omitted
23:52:14.867 [cluster-ClusterId{value='689cd4a516098e1f171057fe', description='Cluster0'}-ac-vdzaost-shard-00-00.fxfxuro.mongodb.net:27017] INFO  org.mongodb.driver.cluster - Exception in monitor thread while connecting to server ac-vdzaost-shard-00-00.fxfxuro.mongodb.net:27017
com.mongodb.MongoSocketReadException: Exception receiving message
	at com.mongodb.internal.connection.InternalStreamConnection.translateReadException(InternalStreamConnection.java:730)
	at com.mongodb.internal.connection.InternalStreamConnection.receiveMessageWithAdditionalTimeout(InternalStreamConnection.java:606)
	at com.mongodb.internal.connection.InternalStreamConnection.receiveCommandMessageResponse(InternalStreamConnection.java:451)
	at com.mongodb.internal.connection.InternalStreamConnection.receive(InternalStreamConnection.java:404)
	at com.mongodb.internal.connection.DefaultServerMonitor$ServerMonitorRunnable.lookupServerDescription(DefaultServerMonitor.java:224)
	at com.mongodb.internal.connection.DefaultServerMonitor$ServerMonitorRunnable.run(DefaultServerMonitor.java:156)
	at java.base/java.lang.Thread.run(Thread.java:842)
Caused by: java.net.SocketException: Connection reset
	at java.base/sun.nio.ch.NioSocketImpl.implRead(NioSocketImpl.java:328)
	at java.base/sun.nio.ch.NioSocketImpl.read(NioSocketImpl.java:355)
	at java.base/sun.nio.ch.NioSocketImpl$1.read(NioSocketImpl.java:808)
	at java.base/java.net.Socket$SocketInputStream.read(Socket.java:966)
	at java.base/sun.security.ssl.SSLSocketInputRecord.read(SSLSocketInputRecord.java:484)
	at java.base/sun.security.ssl.SSLSocketInputRecord.readHeader(SSLSocketInputRecord.java:478)
	at java.base/sun.security.ssl.SSLSocketInputRecord.bytesInCompletePacket(SSLSocketInputRecord.java:70)
	at java.base/sun.security.ssl.SSLSocketImpl.readApplicationRecord(SSLSocketImpl.java:1461)
	at java.base/sun.security.ssl.SSLSocketImpl$AppInputStream.read(SSLSocketImpl.java:1065)
	at com.mongodb.internal.connection.SocketStream.read(SocketStream.java:175)
	at com.mongodb.internal.connection.SocketStream.read(SocketStream.java:200)
	at com.mongodb.internal.connection.InternalStreamConnection.receiveResponseBuffers(InternalStreamConnection.java:739)
	at com.mongodb.internal.connection.InternalStreamConnection.receiveMessageWithAdditionalTimeout(InternalStreamConnection.java:603)
	... 5 common frames omitted
23:52:14.867 [cluster-ClusterId{value='689cd4a516098e1f171057fe', description='Cluster0'}-ac-vdzaost-shard-00-01.fxfxuro.mongodb.net:27017] INFO  org.mongodb.driver.cluster - Exception in monitor thread while connecting to server ac-vdzaost-shard-00-01.fxfxuro.mongodb.net:27017
com.mongodb.MongoSocketReadException: Exception receiving message
	at com.mongodb.internal.connection.InternalStreamConnection.translateReadException(InternalStreamConnection.java:730)
	at com.mongodb.internal.connection.InternalStreamConnection.receiveMessageWithAdditionalTimeout(InternalStreamConnection.java:606)
	at com.mongodb.internal.connection.InternalStreamConnection.receiveCommandMessageResponse(InternalStreamConnection.java:451)
	at com.mongodb.internal.connection.InternalStreamConnection.receive(InternalStreamConnection.java:404)
	at com.mongodb.internal.connection.DefaultServerMonitor$ServerMonitorRunnable.lookupServerDescription(DefaultServerMonitor.java:224)
	at com.mongodb.internal.connection.DefaultServerMonitor$ServerMonitorRunnable.run(DefaultServerMonitor.java:156)
	at java.base/java.lang.Thread.run(Thread.java:842)
Caused by: java.net.SocketException: Connection reset
	at java.base/sun.nio.ch.NioSocketImpl.implRead(NioSocketImpl.java:328)
	at java.base/sun.nio.ch.NioSocketImpl.read(NioSocketImpl.java:355)
	at java.base/sun.nio.ch.NioSocketImpl$1.read(NioSocketImpl.java:808)
	at java.base/java.net.Socket$SocketInputStream.read(Socket.java:966)
	at java.base/sun.security.ssl.SSLSocketInputRecord.read(SSLSocketInputRecord.java:484)
	at java.base/sun.security.ssl.SSLSocketInputRecord.readHeader(SSLSocketInputRecord.java:478)
	at java.base/sun.security.ssl.SSLSocketInputRecord.bytesInCompletePacket(SSLSocketInputRecord.java:70)
	at java.base/sun.security.ssl.SSLSocketImpl.readApplicationRecord(SSLSocketImpl.java:1461)
	at java.base/sun.security.ssl.SSLSocketImpl$AppInputStream.read(SSLSocketImpl.java:1065)
	at com.mongodb.internal.connection.SocketStream.read(SocketStream.java:175)
	at com.mongodb.internal.connection.SocketStream.read(SocketStream.java:200)
	at com.mongodb.internal.connection.InternalStreamConnection.receiveResponseBuffers(InternalStreamConnection.java:739)
	at com.mongodb.internal.connection.InternalStreamConnection.receiveMessageWithAdditionalTimeout(InternalStreamConnection.java:603)
	... 5 common frames omitted
23:52:14.875 [cluster-ClusterId{value='689cd4a516098e1f171057fe', description='Cluster0'}-ac-vdzaost-shard-00-02.fxfxuro.mongodb.net:27017] INFO  org.mongodb.driver.cluster - Exception in monitor thread while connecting to server ac-vdzaost-shard-00-02.fxfxuro.mongodb.net:27017
com.mongodb.MongoSocketOpenException: Exception opening socket
	at com.mongodb.internal.connection.SocketStream.lambda$open$0(SocketStream.java:84)
	at java.base/java.util.Optional.orElseThrow(Optional.java:403)
	at com.mongodb.internal.connection.SocketStream.open(SocketStream.java:84)
	at com.mongodb.internal.connection.InternalStreamConnection.open(InternalStreamConnection.java:211)
	at com.mongodb.internal.connection.DefaultServerMonitor$ServerMonitorRunnable.lookupServerDescription(DefaultServerMonitor.java:196)
	at com.mongodb.internal.connection.DefaultServerMonitor$ServerMonitorRunnable.run(DefaultServerMonitor.java:156)
	at java.base/java.lang.Thread.run(Thread.java:842)
Caused by: java.net.NoRouteToHostException: No route to host: no further information
	at java.base/sun.nio.ch.Net.pollConnect(Native Method)
	at java.base/sun.nio.ch.Net.pollConnectNow(Net.java:672)
	at java.base/sun.nio.ch.NioSocketImpl.timedFinishConnect(NioSocketImpl.java:547)
	at java.base/sun.nio.ch.NioSocketImpl.connect(NioSocketImpl.java:602)
	at java.base/java.net.SocksSocketImpl.connect(SocksSocketImpl.java:327)
	at java.base/java.net.Socket.connect(Socket.java:633)
	at java.base/sun.security.ssl.SSLSocketImpl.connect(SSLSocketImpl.java:304)
	at com.mongodb.internal.connection.SocketStreamHelper.initialize(SocketStreamHelper.java:76)
	at com.mongodb.internal.connection.SocketStream.initializeSocket(SocketStream.java:104)
	at com.mongodb.internal.connection.SocketStream.open(SocketStream.java:78)
	... 4 common frames omitted
23:52:26.025 [cluster-ClusterId{value='689cd4a516098e1f171057fe', description='Cluster0'}-ac-vdzaost-shard-00-00.fxfxuro.mongodb.net:27017] INFO  org.mongodb.driver.cluster - Exception in monitor thread while connecting to server ac-vdzaost-shard-00-00.fxfxuro.mongodb.net:27017
com.mongodb.MongoSocketException: No such host is known (ac-vdzaost-shard-00-00.fxfxuro.mongodb.net)
	at com.mongodb.ServerAddress.getSocketAddresses(ServerAddress.java:221)
	at com.mongodb.internal.connection.ServerAddressWithResolver.getSocketAddresses(ServerAddressWithResolver.java:68)
	at com.mongodb.internal.connection.SocketStream.initializeSocket(SocketStream.java:100)
	at com.mongodb.internal.connection.SocketStream.open(SocketStream.java:78)
	at com.mongodb.internal.connection.InternalStreamConnection.open(InternalStreamConnection.java:211)
	at com.mongodb.internal.connection.DefaultServerMonitor$ServerMonitorRunnable.lookupServerDescription(DefaultServerMonitor.java:196)
	at com.mongodb.internal.connection.DefaultServerMonitor$ServerMonitorRunnable.run(DefaultServerMonitor.java:156)
	at java.base/java.lang.Thread.run(Thread.java:842)
Caused by: java.net.UnknownHostException: No such host is known (ac-vdzaost-shard-00-00.fxfxuro.mongodb.net)
	at java.base/java.net.Inet6AddressImpl.lookupAllHostAddr(Native Method)
	at java.base/java.net.InetAddress$PlatformNameService.lookupAllHostAddr(InetAddress.java:933)
	at java.base/java.net.InetAddress.getAddressesFromNameService(InetAddress.java:1543)
	at java.base/java.net.InetAddress$NameServiceAddresses.get(InetAddress.java:852)
	at java.base/java.net.InetAddress.getAllByName0(InetAddress.java:1532)
	at java.base/java.net.InetAddress.getAllByName(InetAddress.java:1384)
	at java.base/java.net.InetAddress.getAllByName(InetAddress.java:1305)
	at com.mongodb.ServerAddress.getSocketAddresses(ServerAddress.java:213)
	... 7 common frames omitted
23:52:26.025 [cluster-ClusterId{value='689cd4a516098e1f171057fe', description='Cluster0'}-ac-vdzaost-shard-00-01.fxfxuro.mongodb.net:27017] INFO  org.mongodb.driver.cluster - Exception in monitor thread while connecting to server ac-vdzaost-shard-00-01.fxfxuro.mongodb.net:27017
com.mongodb.MongoSocketException: No such host is known (ac-vdzaost-shard-00-01.fxfxuro.mongodb.net)
	at com.mongodb.ServerAddress.getSocketAddresses(ServerAddress.java:221)
	at com.mongodb.internal.connection.ServerAddressWithResolver.getSocketAddresses(ServerAddressWithResolver.java:68)
	at com.mongodb.internal.connection.SocketStream.initializeSocket(SocketStream.java:100)
	at com.mongodb.internal.connection.SocketStream.open(SocketStream.java:78)
	at com.mongodb.internal.connection.InternalStreamConnection.open(InternalStreamConnection.java:211)
	at com.mongodb.internal.connection.DefaultServerMonitor$ServerMonitorRunnable.lookupServerDescription(DefaultServerMonitor.java:196)
	at com.mongodb.internal.connection.DefaultServerMonitor$ServerMonitorRunnable.run(DefaultServerMonitor.java:156)
	at java.base/java.lang.Thread.run(Thread.java:842)
Caused by: java.net.UnknownHostException: No such host is known (ac-vdzaost-shard-00-01.fxfxuro.mongodb.net)
	at java.base/java.net.Inet6AddressImpl.lookupAllHostAddr(Native Method)
	at java.base/java.net.InetAddress$PlatformNameService.lookupAllHostAddr(InetAddress.java:933)
	at java.base/java.net.InetAddress.getAddressesFromNameService(InetAddress.java:1543)
	at java.base/java.net.InetAddress$NameServiceAddresses.get(InetAddress.java:852)
	at java.base/java.net.InetAddress.getAllByName0(InetAddress.java:1532)
	at java.base/java.net.InetAddress.getAllByName(InetAddress.java:1384)
	at java.base/java.net.InetAddress.getAllByName(InetAddress.java:1305)
	at com.mongodb.ServerAddress.getSocketAddresses(ServerAddress.java:213)
	... 7 common frames omitted
23:52:46.095 [cluster-ClusterId{value='689cd4a516098e1f171057fe', description='Cluster0'}-ac-vdzaost-shard-00-01.fxfxuro.mongodb.net:27017] INFO  org.mongodb.driver.cluster - Exception in monitor thread while connecting to server ac-vdzaost-shard-00-01.fxfxuro.mongodb.net:27017
com.mongodb.MongoSocketOpenException: Exception opening socket
	at com.mongodb.internal.connection.SocketStream.lambda$open$0(SocketStream.java:84)
	at java.base/java.util.Optional.orElseThrow(Optional.java:403)
	at com.mongodb.internal.connection.SocketStream.open(SocketStream.java:84)
	at com.mongodb.internal.connection.InternalStreamConnection.open(InternalStreamConnection.java:211)
	at com.mongodb.internal.connection.DefaultServerMonitor$ServerMonitorRunnable.lookupServerDescription(DefaultServerMonitor.java:196)
	at com.mongodb.internal.connection.DefaultServerMonitor$ServerMonitorRunnable.run(DefaultServerMonitor.java:156)
	at java.base/java.lang.Thread.run(Thread.java:842)
Caused by: java.net.SocketTimeoutException: Connect timed out
	at java.base/sun.nio.ch.NioSocketImpl.timedFinishConnect(NioSocketImpl.java:551)
	at java.base/sun.nio.ch.NioSocketImpl.connect(NioSocketImpl.java:602)
	at java.base/java.net.SocksSocketImpl.connect(SocksSocketImpl.java:327)
	at java.base/java.net.Socket.connect(Socket.java:633)
	at java.base/sun.security.ssl.SSLSocketImpl.connect(SSLSocketImpl.java:304)
	at com.mongodb.internal.connection.SocketStreamHelper.initialize(SocketStreamHelper.java:76)
	at com.mongodb.internal.connection.SocketStream.initializeSocket(SocketStream.java:104)
	at com.mongodb.internal.connection.SocketStream.open(SocketStream.java:78)
	... 4 common frames omitted
23:52:46.095 [cluster-ClusterId{value='689cd4a516098e1f171057fe', description='Cluster0'}-ac-vdzaost-shard-00-00.fxfxuro.mongodb.net:27017] INFO  org.mongodb.driver.cluster - Exception in monitor thread while connecting to server ac-vdzaost-shard-00-00.fxfxuro.mongodb.net:27017
com.mongodb.MongoSocketOpenException: Exception opening socket
	at com.mongodb.internal.connection.SocketStream.lambda$open$0(SocketStream.java:84)
	at java.base/java.util.Optional.orElseThrow(Optional.java:403)
	at com.mongodb.internal.connection.SocketStream.open(SocketStream.java:84)
	at com.mongodb.internal.connection.InternalStreamConnection.open(InternalStreamConnection.java:211)
	at com.mongodb.internal.connection.DefaultServerMonitor$ServerMonitorRunnable.lookupServerDescription(DefaultServerMonitor.java:196)
	at com.mongodb.internal.connection.DefaultServerMonitor$ServerMonitorRunnable.run(DefaultServerMonitor.java:156)
	at java.base/java.lang.Thread.run(Thread.java:842)
Caused by: java.net.SocketTimeoutException: Connect timed out
	at java.base/sun.nio.ch.NioSocketImpl.timedFinishConnect(NioSocketImpl.java:551)
	at java.base/sun.nio.ch.NioSocketImpl.connect(NioSocketImpl.java:602)
	at java.base/java.net.SocksSocketImpl.connect(SocksSocketImpl.java:327)
	at java.base/java.net.Socket.connect(Socket.java:633)
	at java.base/sun.security.ssl.SSLSocketImpl.connect(SSLSocketImpl.java:304)
	at com.mongodb.internal.connection.SocketStreamHelper.initialize(SocketStreamHelper.java:76)
	at com.mongodb.internal.connection.SocketStream.initializeSocket(SocketStream.java:104)
	at com.mongodb.internal.connection.SocketStream.open(SocketStream.java:78)
	... 4 common frames omitted
23:54:06.331 [cluster-ClusterId{value='689cd4a516098e1f171057fe', description='Cluster0'}-ac-vdzaost-shard-00-01.fxfxuro.mongodb.net:27017] INFO  org.mongodb.driver.cluster - Monitor thread successfully connected to server with description ServerDescription{address=ac-vdzaost-shard-00-01.fxfxuro.mongodb.net:27017, type=REPLICA_SET_SECONDARY, state=CONNECTED, ok=true, minWireVersion=0, maxWireVersion=25, maxDocumentSize=16777216, logicalSessionTimeoutMinutes=30, roundTripTimeNanos=107192900, setName='atlas-5hq9vw-shard-0', canonicalAddress=ac-vdzaost-shard-00-01.fxfxuro.mongodb.net:27017, hosts=[ac-vdzaost-shard-00-01.fxfxuro.mongodb.net:27017, ac-vdzaost-shard-00-02.fxfxuro.mongodb.net:27017, ac-vdzaost-shard-00-00.fxfxuro.mongodb.net:27017], passives=[], arbiters=[], primary='ac-vdzaost-shard-00-02.fxfxuro.mongodb.net:27017', tagSet=TagSet{[Tag{name='availabilityZone', value='aps1-az3'}, Tag{name='diskState', value='READY'}, Tag{name='nodeType', value='ELECTABLE'}, Tag{name='provider', value='AWS'}, Tag{name='region', value='AP_SOUTH_1'}, Tag{name='workloadType', value='OPERATIONAL'}]}, electionId=null, setVersion=325, topologyVersion=TopologyVersion{processId=689bc7045c066bd4380af42f, counter=3}, lastWriteDate=Wed Aug 13 23:54:06 IST 2025, lastUpdateTimeNanos=42556859202900}
23:54:06.383 [cluster-ClusterId{value='689cd4a516098e1f171057fe', description='Cluster0'}-ac-vdzaost-shard-00-00.fxfxuro.mongodb.net:27017] INFO  org.mongodb.driver.cluster - Monitor thread successfully connected to server with description ServerDescription{address=ac-vdzaost-shard-00-00.fxfxuro.mongodb.net:27017, type=REPLICA_SET_SECONDARY, state=CONNECTED, ok=true, minWireVersion=0, maxWireVersion=25, maxDocumentSize=16777216, logicalSessionTimeoutMinutes=30, roundTripTimeNanos=128762400, setName='atlas-5hq9vw-shard-0', canonicalAddress=ac-vdzaost-shard-00-00.fxfxuro.mongodb.net:27017, hosts=[ac-vdzaost-shard-00-01.fxfxuro.mongodb.net:27017, ac-vdzaost-shard-00-02.fxfxuro.mongodb.net:27017, ac-vdzaost-shard-00-00.fxfxuro.mongodb.net:27017], passives=[], arbiters=[], primary='ac-vdzaost-shard-00-02.fxfxuro.mongodb.net:27017', tagSet=TagSet{[Tag{name='availabilityZone', value='aps1-az1'}, Tag{name='diskState', value='READY'}, Tag{name='nodeType', value='ELECTABLE'}, Tag{name='provider', value='AWS'}, Tag{name='region', value='AP_SOUTH_1'}, Tag{name='workloadType', value='OPERATIONAL'}]}, electionId=null, setVersion=325, topologyVersion=TopologyVersion{processId=689bc5ca019b9c4ca0e54392, counter=4}, lastWriteDate=Wed Aug 13 23:54:06 IST 2025, lastUpdateTimeNanos=42556911670200}
23:54:09.546 [cluster-ClusterId{value='689cd4a516098e1f171057fe', description='Cluster0'}-ac-vdzaost-shard-00-02.fxfxuro.mongodb.net:27017] INFO  org.mongodb.driver.cluster - Monitor thread successfully connected to server with description ServerDescription{address=ac-vdzaost-shard-00-02.fxfxuro.mongodb.net:27017, type=REPLICA_SET_PRIMARY, state=CONNECTED, ok=true, minWireVersion=0, maxWireVersion=25, maxDocumentSize=16777216, logicalSessionTimeoutMinutes=30, roundTripTimeNanos=140831800, setName='atlas-5hq9vw-shard-0', canonicalAddress=ac-vdzaost-shard-00-02.fxfxuro.mongodb.net:27017, hosts=[ac-vdzaost-shard-00-01.fxfxuro.mongodb.net:27017, ac-vdzaost-shard-00-02.fxfxuro.mongodb.net:27017, ac-vdzaost-shard-00-00.fxfxuro.mongodb.net:27017], passives=[], arbiters=[], primary='ac-vdzaost-shard-00-02.fxfxuro.mongodb.net:27017', tagSet=TagSet{[Tag{name='availabilityZone', value='aps1-az2'}, Tag{name='diskState', value='READY'}, Tag{name='nodeType', value='ELECTABLE'}, Tag{name='provider', value='AWS'}, Tag{name='region', value='AP_SOUTH_1'}, Tag{name='workloadType', value='OPERATIONAL'}]}, electionId=7fffffff000000000000011a, setVersion=325, topologyVersion=TopologyVersion{processId=689bc4e19375bda1fe30557e, counter=6}, lastWriteDate=Wed Aug 13 23:54:09 IST 2025, lastUpdateTimeNanos=42560074213800}
23:54:09.546 [cluster-ClusterId{value='689cd4a516098e1f171057fe', description='Cluster0'}-ac-vdzaost-shard-00-02.fxfxuro.mongodb.net:27017] INFO  org.mongodb.driver.cluster - Discovered replica set primary ac-vdzaost-shard-00-02.fxfxuro.mongodb.net:27017 with max election id 7fffffff000000000000011a and max set version 325
